HHIWIQVD
HHIWIQVD
HHIWIQVD
HHIWIQVD
HHIWIQVD
HHIWIQVD
HHIWVQVD
IHIWVQSD
IHIWVQSE
IHIWVQSE
IHIWVQSE
IHIWVQSE
KAKWTQSE
KAKWTQSE
KAKWTQTE
KTKWTQTE
KTKWTQTE
KTKWTQTE
KTKWTQTE
MTKWTQTE
MTKWTQTE
MTKWTQTE
MTKWTQTE
MTKYTQTE
MTKYTQTE
MTKYTQTE
MTKATQTE
MTKATQTE
MTKATQTE
MTKATQTE
MTKATQTE
MTKATQTE
MSKATQTF
NSKATQTF
NSKATQTF
NSKATQTF
NSKATQTH
NSKATQTH
NSAATQTH
NSVATQTH
VSVATQTH
VSVATQTI
VSVATQTI
VSVATQTI
VSVATQTY
VSVATQTY
VSVGTQTY
VSVGTQTY
VSVGTQTY
VSVGTQTY
VSVGTQTY
VSVGTQTY
VSVGTQTY
VSVGTQTY
VSVGTQTY
VSVGTQTY
VSVGTQTY
VSVGTQTY
VSVGTQTY
VSVGTQTY
VSVGTQTY
VSVGTQTY
VSVGTQTY
VSVGTQTY
VSVGTQTY
VSRGTQTY
VSRGTQTY
VSRGTQTG
VSRGTQTG
VSRGTQTG
VSRGTQTG
VSRGTQTG
VSRGTQTG
VSRGTQTG
VSRGTQTG
VSRGTQTP
VNRGTQTP
VNRGTQTT
VNRGTQTT
VNRGTQTT
VNRGTQTV
VNRGTQTV
VNRGTQTV
VNRGTQTR
VNRGTQTR
VNRGTQTS
VNRGTQTS
VNRGTQTS
LNRSTQTS
LNRSTQTS
LNRSTQTS
RNRSTQTS
RNRSTQTS
RNRSTQTS
RNRSTQTS
RNRSTQTS
RNRSTQTS
RNRSTQTS
RNRSTQTS
RNRSTQTS
DDKNTMTD
YSKETQTP
CDKSTQTP
EDKATQTL
KDMGIQVD
SAKATQTD
VDAESQTL
TSQATQTE
QSVGVQVE
NNIGIQTM
VSAATQTI
EHGVTQTE
RDVATSPI
EDKSTQTT
QNTASQTM
LDAQVQTD
HSKGTQTA
TTKSTQTQ
KDLGIQVD
QDKLVQTP
ADFDVQTS
AESGIQTD
CNFSVQTF
KHNSTQTV
VDNGLQTE
GSKSTQTV
LHRSTQTT
MAKSTQTF
LVKSTQTV
QDKQTQTP
EDKSTQTP
EHGVTQTE
QSVGVQVE
LSIGIQVD
FQASTQTR