RSVSVQVH
RSVSVQVH
RSVSVQVH
RSVSVQVE
RSVSVQVE
RSVSVQVE
RSVSVQVE
RSVSVQSE
RSVSVQSE
RSVGVQSE
RSVGVQSE
RSVGIQSE
ISVGIQSE
ISVGIQSE
ISVGIQTE
ISVGIQTE
ISIGIQTE
ISIGIQTE
LSIGIQTE
LSIGIQTE
LSIGIQTD
LSIGIQTD
LSIGTQTD
LSIGTQTD
KSIGTQTD
KSIGTQTD
KSIGTQTD
KSIGTQTD
KSIGTQTD
KSIGTQTD
NSIGTQTY
NSIGTQTY
NSIGTQTY
NSIGTQTY
NSIATQTY
NSIATQTY
NSIATQTY
NSIATQTY
NSRATQTY
NSRATQTY
NSRATQTY
NSRATQTY
MSRATQTY
MSRATQTY
MSRATQTY
MSRATQTV
MSRATQTV
MSRATQTV
MSRATQTV
MSRATQTV
MSRATQTT
MSRATQTT
MTRATQTT
MTRATQTT
HTRATQTT
HTRATQTT
HTRATQTT
HTRATQTT
HTRATQTT
HTRATQTT
VTRATQTT
VTRATQTT
VTRATQTT
VTRATQTT
VTRATQTT
VTRATQTF
VTRATQTF
VTRATQTF
VHRATQTF
VHRATQTF
VHRATQTS
VHRATQTS
VHRATQTS
VHRATQTS
VHRATQTS
VHRATQTS
VHRATQTS
VNRATQTS
VNRATQTS
VNRATQTS
VNRATQTS
VNRATQTS
VNAWTQTS
VNAWTQTS
VNKWTQTS
VNKWTQTS
VNKWTQTG
VNKWTQTG
VNKWTQTG
VNKWTQTG
VNKWTQTG
VNKWTQTI
VNKWTQTI
VNKWTQTI
VNKWTQTI
VNKWTQTI
VAKYTQTR
VAKYTQTR
VAKYTQTP
VAKYTQTP